Flow report for R3_PVP
Thu Nov 11 19:19:45 2021
Quartus Prime Version 18.1.0 Build 625 09/12/2018 SJ Lite Edition


---------------------
; Table of Contents ;
---------------------
  1. Legal Notice
  2. Flow Summary
  3. Flow Settings
  4. Flow Non-Default Global Settings
  5. Flow Elapsed Time
  6. Flow OS Summary
  7. Flow Log
  8. Flow Messages
  9. Flow Suppressed Messages



----------------
; Legal Notice ;
----------------
Copyright (C) 2018  Intel Corporation. All rights reserved.
Your use of Intel Corporation's design tools, logic functions 
and other software and tools, and its AMPP partner logic 
functions, and any output files from any of the foregoing 
(including device programming or simulation files), and any 
associated documentation or information are expressly subject 
to the terms and conditions of the Intel Program License 
Subscription Agreement, the Intel Quartus Prime License Agreement,
the Intel FPGA IP License Agreement, or other applicable license
agreement, including, without limitation, that your use is for
the sole purpose of programming logic devices manufactured by
Intel and sold by Intel or its authorized distributors.  Please
refer to the applicable agreement for further details.



+----------------------------------------------------------------------------------+
; Flow Summary                                                                     ;
+------------------------------------+---------------------------------------------+
; Flow Status                        ; Successful - Thu Nov 11 19:19:45 2021       ;
; Quartus Prime Version              ; 18.1.0 Build 625 09/12/2018 SJ Lite Edition ;
; Revision Name                      ; R3_PVP                                      ;
; Top-level Entity Name              ; R3_PVP                                      ;
; Family                             ; Cyclone IV E                                ;
; Device                             ; EP4CE6E22C8                                 ;
; Timing Models                      ; Final                                       ;
; Total logic elements               ; 3,119 / 6,272 ( 50 % )                      ;
;     Total combinational functions  ; 2,624 / 6,272 ( 42 % )                      ;
;     Dedicated logic registers      ; 1,996 / 6,272 ( 32 % )                      ;
; Total registers                    ; 1996                                        ;
; Total pins                         ; 70 / 92 ( 76 % )                            ;
; Total virtual pins                 ; 0                                           ;
; Total memory bits                  ; 177,152 / 276,480 ( 64 % )                  ;
; Embedded Multiplier 9-bit elements ; 0 / 30 ( 0 % )                              ;
; Total PLLs                         ; 1 / 2 ( 50 % )                              ;
+------------------------------------+---------------------------------------------+


+-----------------------------------------+
; Flow Settings                           ;
+-------------------+---------------------+
; Option            ; Setting             ;
+-------------------+---------------------+
; Start date & time ; 11/11/2021 19:16:27 ;
; Main task         ; Compilation         ;
; Revision Name     ; R3_PVP              ;
+-------------------+---------------------+


+------------------------------------------------------------------------------------------------------------------------------+
; Flow Non-Default Global Settings                                                                                             ;
+--------------------------------------+----------------------------------------+---------------+-------------+----------------+
; Assignment Name                      ; Value                                  ; Default Value ; Entity Name ; Section Id     ;
+--------------------------------------+----------------------------------------+---------------+-------------+----------------+
; COMPILER_SIGNATURE_ID                ; 113780617491.163667978704416           ; --            ; --          ; --             ;
; CYCLONEII_OPTIMIZATION_TECHNIQUE     ; Speed                                  ; Balanced      ; --          ; --             ;
; EDA_DESIGN_INSTANCE_NAME             ; NA                                     ; --            ; --          ; testbench      ;
; EDA_NATIVELINK_SIMULATION_TEST_BENCH ; testbench                              ; --            ; --          ; eda_simulation ;
; EDA_OUTPUT_DATA_FORMAT               ; Systemverilog Hdl                      ; --            ; --          ; eda_simulation ;
; EDA_SIMULATION_TOOL                  ; ModelSim-Altera (SystemVerilog)        ; <None>        ; --          ; --             ;
; EDA_TEST_BENCH_ENABLE_STATUS         ; TEST_BENCH_MODE                        ; --            ; --          ; eda_simulation ;
; EDA_TEST_BENCH_FILE                  ; CHR_ROM.qip                            ; --            ; --          ; testbench      ;
; EDA_TEST_BENCH_FILE                  ; CHR_ROM.v                              ; --            ; --          ; testbench      ;
; EDA_TEST_BENCH_FILE                  ; d_cache.v                              ; --            ; --          ; testbench      ;
; EDA_TEST_BENCH_FILE                  ; keyboard.sv                            ; --            ; --          ; testbench      ;
; EDA_TEST_BENCH_FILE                  ; MC10_CHR16.hex                         ; --            ; --          ; testbench      ;
; EDA_TEST_BENCH_FILE                  ; MC6847_gen3.sv                         ; --            ; --          ; testbench      ;
; EDA_TEST_BENCH_FILE                  ; MSC.v                                  ; --            ; --          ; testbench      ;
; EDA_TEST_BENCH_FILE                  ; MULTIPLEXED_HEX_DRIVER.sv              ; --            ; --          ; testbench      ;
; EDA_TEST_BENCH_FILE                  ; p_cache.v                              ; --            ; --          ; testbench      ;
; EDA_TEST_BENCH_FILE                  ; p_mem.qip                              ; --            ; --          ; testbench      ;
; EDA_TEST_BENCH_FILE                  ; p_mem.v                                ; --            ; --          ; testbench      ;
; EDA_TEST_BENCH_FILE                  ; PLL0.ppf                               ; --            ; --          ; testbench      ;
; EDA_TEST_BENCH_FILE                  ; PLL0.qip                               ; --            ; --          ; testbench      ;
; EDA_TEST_BENCH_FILE                  ; PLL0.v                                 ; --            ; --          ; testbench      ;
; EDA_TEST_BENCH_FILE                  ; PRG_ROM.qip                            ; --            ; --          ; testbench      ;
; EDA_TEST_BENCH_FILE                  ; testbench.v                            ; --            ; --          ; testbench      ;
; EDA_TEST_BENCH_FILE                  ; serial.sv                              ; --            ; --          ; testbench      ;
; EDA_TEST_BENCH_FILE                  ; SDRAM_DP64_I.v                         ; --            ; --          ; testbench      ;
; EDA_TEST_BENCH_FILE                  ; sdr_parameters.sv                      ; --            ; --          ; testbench      ;
; EDA_TEST_BENCH_FILE                  ; sdr.sv                                 ; --            ; --          ; testbench      ;
; EDA_TEST_BENCH_FILE                  ; riptide_validation.mif                 ; --            ; --          ; testbench      ;
; EDA_TEST_BENCH_FILE                  ; ps2_host.sv                            ; --            ; --          ; testbench      ;
; EDA_TEST_BENCH_FILE                  ; PRG_ROM.v                              ; --            ; --          ; testbench      ;
; EDA_TEST_BENCH_FILE                  ; timer.sv                               ; --            ; --          ; testbench      ;
; EDA_TEST_BENCH_FILE                  ; toplevel.v                             ; --            ; --          ; testbench      ;
; EDA_TEST_BENCH_FILE                  ; UART.sv                                ; --            ; --          ; testbench      ;
; EDA_TEST_BENCH_FILE                  ; VGA.v                                  ; --            ; --          ; testbench      ;
; EDA_TEST_BENCH_FILE                  ; VGA_RAM.qip                            ; --            ; --          ; testbench      ;
; EDA_TEST_BENCH_FILE                  ; VGA_RAM.v                              ; --            ; --          ; testbench      ;
; EDA_TEST_BENCH_MODULE_NAME           ; Testbench                              ; --            ; --          ; testbench      ;
; EDA_TEST_BENCH_NAME                  ; testbench                              ; --            ; --          ; eda_simulation ;
; EDA_TEST_BENCH_RUN_SIM_FOR           ; 1 ms                                   ; --            ; --          ; testbench      ;
; EDA_TIME_SCALE                       ; 1 ps                                   ; --            ; --          ; eda_simulation ;
; FITTER_EFFORT                        ; Standard Fit                           ; Auto Fit      ; --          ; --             ;
; MAX_CORE_JUNCTION_TEMP               ; 85                                     ; --            ; --          ; --             ;
; MIN_CORE_JUNCTION_TEMP               ; 0                                      ; --            ; --          ; --             ;
; MISC_FILE                            ; PLL0_bb.v                              ; --            ; --          ; --             ;
; MISC_FILE                            ; PLL0.ppf                               ; --            ; --          ; --             ;
; MISC_FILE                            ; VGA_RAM_bb.v                           ; --            ; --          ; --             ;
; MISC_FILE                            ; CHR_ROM_bb.v                           ; --            ; --          ; --             ;
; MISC_FILE                            ; p_mem_bb.v                             ; --            ; --          ; --             ;
; MISC_FILE                            ; PRG_ROM_bb.v                           ; --            ; --          ; --             ;
; MUX_RESTRUCTURE                      ; Off                                    ; Auto          ; --          ; --             ;
; NOMINAL_CORE_SUPPLY_VOLTAGE          ; 1.2V                                   ; --            ; --          ; --             ;
; NUM_PARALLEL_PROCESSORS              ; 8                                      ; --            ; --          ; --             ;
; OPTIMIZATION_MODE                    ; Aggressive Performance                 ; Balanced      ; --          ; --             ;
; OUTPUT_IO_TIMING_FAR_END_VMEAS       ; Half Signal Swing                      ; --            ; --          ; --             ;
; OUTPUT_IO_TIMING_FAR_END_VMEAS       ; Half Signal Swing                      ; --            ; --          ; --             ;
; OUTPUT_IO_TIMING_NEAR_END_VMEAS      ; Half Vccio                             ; --            ; --          ; --             ;
; OUTPUT_IO_TIMING_NEAR_END_VMEAS      ; Half Vccio                             ; --            ; --          ; --             ;
; PARTITION_COLOR                      ; -- (Not supported for targeted family) ; --            ; --          ; Top            ;
; PARTITION_FITTER_PRESERVATION_LEVEL  ; -- (Not supported for targeted family) ; --            ; --          ; Top            ;
; PARTITION_NETLIST_TYPE               ; -- (Not supported for targeted family) ; --            ; --          ; Top            ;
; PHYSICAL_SYNTHESIS_COMBO_LOGIC       ; On                                     ; Off           ; --          ; --             ;
; PHYSICAL_SYNTHESIS_REGISTER_RETIMING ; On                                     ; Off           ; --          ; --             ;
; PLACEMENT_EFFORT_MULTIPLIER          ; 4.0                                    ; 1.0           ; --          ; --             ;
; POWER_BOARD_THERMAL_MODEL            ; None (CONSERVATIVE)                    ; --            ; --          ; --             ;
; POWER_PRESET_COOLING_SOLUTION        ; 23 MM HEAT SINK WITH 200 LFPM AIRFLOW  ; --            ; --          ; --             ;
; PRE_MAPPING_RESYNTHESIS              ; On                                     ; Off           ; --          ; --             ;
; PROJECT_OUTPUT_DIRECTORY             ; output_files                           ; --            ; --          ; --             ;
; ROUTER_TIMING_OPTIMIZATION_LEVEL     ; MAXIMUM                                ; Normal        ; --          ; --             ;
; SYNTH_PROTECT_SDC_CONSTRAINT         ; On                                     ; Off           ; --          ; --             ;
+--------------------------------------+----------------------------------------+---------------+-------------+----------------+


+--------------------------------------------------------------------------------------------------------------------------+
; Flow Elapsed Time                                                                                                        ;
+----------------------+--------------+-------------------------+---------------------+------------------------------------+
; Module Name          ; Elapsed Time ; Average Processors Used ; Peak Virtual Memory ; Total CPU Time (on all processors) ;
+----------------------+--------------+-------------------------+---------------------+------------------------------------+
; Analysis & Synthesis ; 00:00:58     ; 1.0                     ; 751 MB              ; 00:01:37                           ;
; Fitter               ; 00:01:19     ; 1.3                     ; 1639 MB             ; 00:02:23                           ;
; Assembler            ; 00:00:03     ; 1.0                     ; 545 MB              ; 00:00:03                           ;
; Timing Analyzer      ; 00:00:10     ; 1.5                     ; 696 MB              ; 00:00:12                           ;
; EDA Netlist Writer   ; 00:00:13     ; 1.0                     ; 546 MB              ; 00:00:12                           ;
; Total                ; 00:02:43     ; --                      ; --                  ; 00:04:27                           ;
+----------------------+--------------+-------------------------+---------------------+------------------------------------+


+-------------------------------------------------------------------------------------+
; Flow OS Summary                                                                     ;
+----------------------+------------------+-------------+------------+----------------+
; Module Name          ; Machine Hostname ; OS Name     ; OS Version ; Processor type ;
+----------------------+------------------+-------------+------------+----------------+
; Analysis & Synthesis ; WIN-H8JH7HJFPGD  ; Windows 8.1 ; 6.3        ; x86_64         ;
; Fitter               ; WIN-H8JH7HJFPGD  ; Windows 8.1 ; 6.3        ; x86_64         ;
; Assembler            ; WIN-H8JH7HJFPGD  ; Windows 8.1 ; 6.3        ; x86_64         ;
; Timing Analyzer      ; WIN-H8JH7HJFPGD  ; Windows 8.1 ; 6.3        ; x86_64         ;
; EDA Netlist Writer   ; WIN-H8JH7HJFPGD  ; Windows 8.1 ; 6.3        ; x86_64         ;
+----------------------+------------------+-------------+------------+----------------+


------------
; Flow Log ;
------------
quartus_map --read_settings_files=on --write_settings_files=off RIPTIDE-III_SDRAM -c R3_PVP
quartus_fit --read_settings_files=off --write_settings_files=off RIPTIDE-III_SDRAM -c R3_PVP
quartus_asm --read_settings_files=off --write_settings_files=off RIPTIDE-III_SDRAM -c R3_PVP
quartus_sta RIPTIDE-III_SDRAM -c R3_PVP
quartus_eda --read_settings_files=off --write_settings_files=off RIPTIDE-III_SDRAM -c R3_PVP



