Flow report for riptide_PVP
Sat Jul 23 21:34:45 2022
Quartus Prime Version 19.1.0 Build 670 09/22/2019 SJ Lite Edition


---------------------
; Table of Contents ;
---------------------
  1. Legal Notice
  2. Flow Summary
  3. Flow Settings
  4. Flow Non-Default Global Settings
  5. Flow Elapsed Time
  6. Flow OS Summary
  7. Flow Log
  8. Flow Messages
  9. Flow Suppressed Messages



----------------
; Legal Notice ;
----------------
Copyright (C) 2019  Intel Corporation. All rights reserved.
Your use of Intel Corporation's design tools, logic functions 
and other software and tools, and any partner logic 
functions, and any output files from any of the foregoing 
(including device programming or simulation files), and any 
associated documentation or information are expressly subject 
to the terms and conditions of the Intel Program License 
Subscription Agreement, the Intel Quartus Prime License Agreement,
the Intel FPGA IP License Agreement, or other applicable license
agreement, including, without limitation, that your use is for
the sole purpose of programming logic devices manufactured by
Intel and sold by Intel or its authorized distributors.  Please
refer to the applicable agreement for further details, at
https://fpgasoftware.intel.com/eula.



+----------------------------------------------------------------------------------+
; Flow Summary                                                                     ;
+------------------------------------+---------------------------------------------+
; Flow Status                        ; Successful - Sat Jul 23 21:34:45 2022       ;
; Quartus Prime Version              ; 19.1.0 Build 670 09/22/2019 SJ Lite Edition ;
; Revision Name                      ; riptide_PVP                                 ;
; Top-level Entity Name              ; R3_PVP                                      ;
; Family                             ; Cyclone IV E                                ;
; Device                             ; EP4CE6E22C8                                 ;
; Timing Models                      ; Final                                       ;
; Total logic elements               ; 3,337 / 6,272 ( 53 % )                      ;
;     Total combinational functions  ; 2,770 / 6,272 ( 44 % )                      ;
;     Dedicated logic registers      ; 2,190 / 6,272 ( 35 % )                      ;
; Total registers                    ; 2198                                        ;
; Total pins                         ; 59 / 92 ( 64 % )                            ;
; Total virtual pins                 ; 0                                           ;
; Total memory bits                  ; 177,152 / 276,480 ( 64 % )                  ;
; Embedded Multiplier 9-bit elements ; 0 / 30 ( 0 % )                              ;
; Total PLLs                         ; 1 / 2 ( 50 % )                              ;
+------------------------------------+---------------------------------------------+


+-----------------------------------------+
; Flow Settings                           ;
+-------------------+---------------------+
; Option            ; Setting             ;
+-------------------+---------------------+
; Start date & time ; 07/23/2022 21:34:02 ;
; Main task         ; Compilation         ;
; Revision Name     ; riptide_PVP         ;
+-------------------+---------------------+


+-------------------------------------------------------------------------------------------------------------------------------------------------+
; Flow Non-Default Global Settings                                                                                                                ;
+--------------------------------------+----------------------------------------+---------------+-------------+-----------------------------------+
; Assignment Name                      ; Value                                  ; Default Value ; Entity Name ; Section Id                        ;
+--------------------------------------+----------------------------------------+---------------+-------------+-----------------------------------+
; COMPILER_SIGNATURE_ID                ; 233497588670758.165863364113268        ; --            ; --          ; --                                ;
; EDA_DESIGN_INSTANCE_NAME             ; NA                                     ; --            ; --          ; testbench                         ;
; EDA_GENERATE_FUNCTIONAL_NETLIST      ; Off                                    ; --            ; --          ; eda_board_design_timing           ;
; EDA_GENERATE_FUNCTIONAL_NETLIST      ; Off                                    ; --            ; --          ; eda_board_design_boundary_scan    ;
; EDA_GENERATE_FUNCTIONAL_NETLIST      ; Off                                    ; --            ; --          ; eda_board_design_signal_integrity ;
; EDA_GENERATE_FUNCTIONAL_NETLIST      ; Off                                    ; --            ; --          ; eda_board_design_symbol           ;
; EDA_NATIVELINK_SIMULATION_TEST_BENCH ; testbench                              ; --            ; --          ; eda_simulation                    ;
; EDA_OUTPUT_DATA_FORMAT               ; Systemverilog Hdl                      ; --            ; --          ; eda_simulation                    ;
; EDA_SIMULATION_TOOL                  ; ModelSim-Altera (SystemVerilog)        ; <None>        ; --          ; --                                ;
; EDA_TEST_BENCH_ENABLE_STATUS         ; TEST_BENCH_MODE                        ; --            ; --          ; eda_simulation                    ;
; EDA_TEST_BENCH_FILE                  ; CHR_ROM.v                              ; --            ; --          ; testbench                         ;
; EDA_TEST_BENCH_FILE                  ; CHR_ROM.qip                            ; --            ; --          ; testbench                         ;
; EDA_TEST_BENCH_FILE                  ; d_cache.v                              ; --            ; --          ; testbench                         ;
; EDA_TEST_BENCH_FILE                  ; I2C_phy.sv                             ; --            ; --          ; testbench                         ;
; EDA_TEST_BENCH_FILE                  ; I2C_ri.sv                              ; --            ; --          ; testbench                         ;
; EDA_TEST_BENCH_FILE                  ; interrupt_controller.sv                ; --            ; --          ; testbench                         ;
; EDA_TEST_BENCH_FILE                  ; keyboard.sv                            ; --            ; --          ; testbench                         ;
; EDA_TEST_BENCH_FILE                  ; MC10_CHR16.hex                         ; --            ; --          ; testbench                         ;
; EDA_TEST_BENCH_FILE                  ; MC6847_gen3.sv                         ; --            ; --          ; testbench                         ;
; EDA_TEST_BENCH_FILE                  ; memory_arbiter.sv                      ; --            ; --          ; testbench                         ;
; EDA_TEST_BENCH_FILE                  ; MSC.v                                  ; --            ; --          ; testbench                         ;
; EDA_TEST_BENCH_FILE                  ; p_cache.v                              ; --            ; --          ; testbench                         ;
; EDA_TEST_BENCH_FILE                  ; p_mem.qip                              ; --            ; --          ; testbench                         ;
; EDA_TEST_BENCH_FILE                  ; p_mem.v                                ; --            ; --          ; testbench                         ;
; EDA_TEST_BENCH_FILE                  ; PLL0.v                                 ; --            ; --          ; testbench                         ;
; EDA_TEST_BENCH_FILE                  ; PLL0.ppf                               ; --            ; --          ; testbench                         ;
; EDA_TEST_BENCH_FILE                  ; PLL0.qip                               ; --            ; --          ; testbench                         ;
; EDA_TEST_BENCH_FILE                  ; PRG_ROM.qip                            ; --            ; --          ; testbench                         ;
; EDA_TEST_BENCH_FILE                  ; PRG_ROM.v                              ; --            ; --          ; testbench                         ;
; EDA_TEST_BENCH_FILE                  ; ps2_host.sv                            ; --            ; --          ; testbench                         ;
; EDA_TEST_BENCH_FILE                  ; queue_8_8.sv                           ; --            ; --          ; testbench                         ;
; EDA_TEST_BENCH_FILE                  ; VGA_RAM.v                              ; --            ; --          ; testbench                         ;
; EDA_TEST_BENCH_FILE                  ; r3_rom_8_bit.mif                       ; --            ; --          ; testbench                         ;
; EDA_TEST_BENCH_FILE                  ; sdr.sv                                 ; --            ; --          ; testbench                         ;
; EDA_TEST_BENCH_FILE                  ; sdr_parameters.sv                      ; --            ; --          ; testbench                         ;
; EDA_TEST_BENCH_FILE                  ; SDRAM_SP8_B8_I.sv                      ; --            ; --          ; testbench                         ;
; EDA_TEST_BENCH_FILE                  ; serial.sv                              ; --            ; --          ; testbench                         ;
; EDA_TEST_BENCH_FILE                  ; testbench.v                            ; --            ; --          ; testbench                         ;
; EDA_TEST_BENCH_FILE                  ; timer.sv                               ; --            ; --          ; testbench                         ;
; EDA_TEST_BENCH_FILE                  ; toplevel.v                             ; --            ; --          ; testbench                         ;
; EDA_TEST_BENCH_FILE                  ; UART.sv                                ; --            ; --          ; testbench                         ;
; EDA_TEST_BENCH_FILE                  ; VGA.v                                  ; --            ; --          ; testbench                         ;
; EDA_TEST_BENCH_FILE                  ; VGA_RAM.qip                            ; --            ; --          ; testbench                         ;
; EDA_TEST_BENCH_FILE                  ; CPU/ALU.v                              ; --            ; --          ; testbench                         ;
; EDA_TEST_BENCH_FILE                  ; CPU/decode_unit.v                      ; --            ; --          ; testbench                         ;
; EDA_TEST_BENCH_FILE                  ; CPU/hazard_unit.v                      ; --            ; --          ; testbench                         ;
; EDA_TEST_BENCH_FILE                  ; CPU/internal_mem.v                     ; --            ; --          ; testbench                         ;
; EDA_TEST_BENCH_FILE                  ; CPU/mask_unit.v                        ; --            ; --          ; testbench                         ;
; EDA_TEST_BENCH_FILE                  ; CPU/PC.v                               ; --            ; --          ; testbench                         ;
; EDA_TEST_BENCH_FILE                  ; CPU/right_rotate.v                     ; --            ; --          ; testbench                         ;
; EDA_TEST_BENCH_FILE                  ; CPU/RIPTIDE-III.v                      ; --            ; --          ; testbench                         ;
; EDA_TEST_BENCH_FILE                  ; CPU/shift_merge.v                      ; --            ; --          ; testbench                         ;
; EDA_TEST_BENCH_MODULE_NAME           ; testbench                              ; --            ; --          ; testbench                         ;
; EDA_TEST_BENCH_NAME                  ; testbench                              ; --            ; --          ; eda_simulation                    ;
; EDA_TEST_BENCH_RUN_SIM_FOR           ; 100 us                                 ; --            ; --          ; testbench                         ;
; EDA_TIME_SCALE                       ; 1 ps                                   ; --            ; --          ; eda_simulation                    ;
; FITTER_EFFORT                        ; Standard Fit                           ; Auto Fit      ; --          ; --                                ;
; MAX_CORE_JUNCTION_TEMP               ; 85                                     ; --            ; --          ; --                                ;
; MIN_CORE_JUNCTION_TEMP               ; 0                                      ; --            ; --          ; --                                ;
; MISC_FILE                            ; PLL0.ppf                               ; --            ; --          ; --                                ;
; MUX_RESTRUCTURE                      ; Off                                    ; Auto          ; --          ; --                                ;
; NOMINAL_CORE_SUPPLY_VOLTAGE          ; 1.2V                                   ; --            ; --          ; --                                ;
; NUM_PARALLEL_PROCESSORS              ; 16                                     ; --            ; --          ; --                                ;
; OPTIMIZATION_MODE                    ; Aggressive Performance                 ; Balanced      ; --          ; --                                ;
; OUTPUT_IO_TIMING_FAR_END_VMEAS       ; Half Signal Swing                      ; --            ; --          ; --                                ;
; OUTPUT_IO_TIMING_FAR_END_VMEAS       ; Half Signal Swing                      ; --            ; --          ; --                                ;
; OUTPUT_IO_TIMING_NEAR_END_VMEAS      ; Half Vccio                             ; --            ; --          ; --                                ;
; OUTPUT_IO_TIMING_NEAR_END_VMEAS      ; Half Vccio                             ; --            ; --          ; --                                ;
; PARTITION_COLOR                      ; -- (Not supported for targeted family) ; --            ; R3_PVP      ; Top                               ;
; PARTITION_FITTER_PRESERVATION_LEVEL  ; -- (Not supported for targeted family) ; --            ; R3_PVP      ; Top                               ;
; PARTITION_NETLIST_TYPE               ; -- (Not supported for targeted family) ; --            ; R3_PVP      ; Top                               ;
; PHYSICAL_SYNTHESIS_COMBO_LOGIC       ; On                                     ; Off           ; --          ; --                                ;
; PHYSICAL_SYNTHESIS_REGISTER_RETIMING ; On                                     ; Off           ; --          ; --                                ;
; PLACEMENT_EFFORT_MULTIPLIER          ; 4.0                                    ; 1.0           ; --          ; --                                ;
; POWER_BOARD_THERMAL_MODEL            ; None (CONSERVATIVE)                    ; --            ; --          ; --                                ;
; POWER_PRESET_COOLING_SOLUTION        ; 23 MM HEAT SINK WITH 200 LFPM AIRFLOW  ; --            ; --          ; --                                ;
; PROJECT_OUTPUT_DIRECTORY             ; output_files                           ; --            ; --          ; --                                ;
; ROUTER_TIMING_OPTIMIZATION_LEVEL     ; MAXIMUM                                ; Normal        ; --          ; --                                ;
; TOP_LEVEL_ENTITY                     ; R3_PVP                                 ; riptide_PVP   ; --          ; --                                ;
+--------------------------------------+----------------------------------------+---------------+-------------+-----------------------------------+


+--------------------------------------------------------------------------------------------------------------------------+
; Flow Elapsed Time                                                                                                        ;
+----------------------+--------------+-------------------------+---------------------+------------------------------------+
; Module Name          ; Elapsed Time ; Average Processors Used ; Peak Virtual Memory ; Total CPU Time (on all processors) ;
+----------------------+--------------+-------------------------+---------------------+------------------------------------+
; Analysis & Synthesis ; 00:00:13     ; 1.0                     ; 4930 MB             ; 00:00:22                           ;
; Fitter               ; 00:00:22     ; 1.4                     ; 6547 MB             ; 00:00:55                           ;
; Assembler            ; 00:00:01     ; 1.0                     ; 4695 MB             ; 00:00:01                           ;
; Timing Analyzer      ; 00:00:03     ; 1.7                     ; 4952 MB             ; 00:00:04                           ;
; EDA Netlist Writer   ; 00:00:01     ; 1.0                     ; 4655 MB             ; 00:00:01                           ;
; Total                ; 00:00:40     ; --                      ; --                  ; 00:01:23                           ;
+----------------------+--------------+-------------------------+---------------------+------------------------------------+


+------------------------------------------------------------------------------------+
; Flow OS Summary                                                                    ;
+----------------------+------------------+------------+------------+----------------+
; Module Name          ; Machine Hostname ; OS Name    ; OS Version ; Processor type ;
+----------------------+------------------+------------+------------+----------------+
; Analysis & Synthesis ; DESKTOP-SL2658E  ; Windows 10 ; 10.0       ; x86_64         ;
; Fitter               ; DESKTOP-SL2658E  ; Windows 10 ; 10.0       ; x86_64         ;
; Assembler            ; DESKTOP-SL2658E  ; Windows 10 ; 10.0       ; x86_64         ;
; Timing Analyzer      ; DESKTOP-SL2658E  ; Windows 10 ; 10.0       ; x86_64         ;
; EDA Netlist Writer   ; DESKTOP-SL2658E  ; Windows 10 ; 10.0       ; x86_64         ;
+----------------------+------------------+------------+------------+----------------+


------------
; Flow Log ;
------------
quartus_map --read_settings_files=on --write_settings_files=off RIPTIDE-III_DragonBoard -c riptide_PVP
quartus_fit --read_settings_files=off --write_settings_files=off RIPTIDE-III_DragonBoard -c riptide_PVP
quartus_asm --read_settings_files=off --write_settings_files=off RIPTIDE-III_DragonBoard -c riptide_PVP
quartus_sta RIPTIDE-III_DragonBoard -c riptide_PVP
quartus_eda --read_settings_files=off --write_settings_files=off RIPTIDE-III_DragonBoard -c riptide_PVP



